<?xml version="1.0" encoding="UTF-8"?>
<!-- Generated by org.testng.reporters.JUnitXMLReporter -->
<testsuite ignored="0" hostname="DESKTOP-VGNOVV5" failures="0" tests="3" name="Default test" time="4.514" errors="0" timestamp="2024-10-07T16:34:39 IST">
  <testcase classname="classes.DynamicJson" name="addBook" time="3.808"/>
  <testcase classname="classes.DynamicJson" name="addBook" time="0.255"/>
  <testcase classname="classes.DynamicJson" name="addBook" time="0.379"/>
</testsuite> <!-- Default test -->
