<?xml version="1.0" encoding="UTF-8"?>
<testng-results ignored="0" total="3" passed="3" failed="0" skipped="0">
  <reporter-output>
  </reporter-output>
  <suite started-at="2024-10-07T16:34:35 IST" name="Default suite" finished-at="2024-10-07T16:34:39 IST" duration-ms="4514">
    <groups>
    </groups>
    <test started-at="2024-10-07T16:34:35 IST" name="Default test" finished-at="2024-10-07T16:34:39 IST" duration-ms="4514">
      <class name="classes.DynamicJson">
        <test-method signature="addBook(java.lang.String,java.lang.String)[pri:0, instance:classes.DynamicJson@78123e82]" started-at="2024-10-07T16:34:35 IST" name="addBook" data-provider="BooksData" finished-at="2024-10-07T16:34:39 IST" duration-ms="3808" status="PASS">
          <params>
            <param index="0">
              <value>
                <![CDATA[sdfsd]]>
              </value>
            </param>
            <param index="1">
              <value>
                <![CDATA[1232]]>
              </value>
            </param>
          </params>
          <reporter-output>
          </reporter-output>
        </test-method> <!-- addBook -->
        <test-method signature="addBook(java.lang.String,java.lang.String)[pri:0, instance:classes.DynamicJson@78123e82]" started-at="2024-10-07T16:34:39 IST" name="addBook" data-provider="BooksData" finished-at="2024-10-07T16:34:39 IST" duration-ms="255" status="PASS">
          <params>
            <param index="0">
              <value>
                <![CDATA[ggdze]]>
              </value>
            </param>
            <param index="1">
              <value>
                <![CDATA[6443]]>
              </value>
            </param>
          </params>
          <reporter-output>
          </reporter-output>
        </test-method> <!-- addBook -->
        <test-method signature="addBook(java.lang.String,java.lang.String)[pri:0, instance:classes.DynamicJson@78123e82]" started-at="2024-10-07T16:34:39 IST" name="addBook" data-provider="BooksData" finished-at="2024-10-07T16:34:39 IST" duration-ms="379" status="PASS">
          <params>
            <param index="0">
              <value>
                <![CDATA[kkdff]]>
              </value>
            </param>
            <param index="1">
              <value>
                <![CDATA[9943]]>
              </value>
            </param>
          </params>
          <reporter-output>
          </reporter-output>
        </test-method> <!-- addBook -->
      </class> <!-- classes.DynamicJson -->
    </test> <!-- Default test -->
  </suite> <!-- Default suite -->
</testng-results>
